<?xml version="1.0" encoding="UTF-8"?>
<!-- Generated by org.testng.reporters.JUnitXMLReporter -->
<testsuite ignored="0" hostname="DESKTOP-B4DKAA3" failures="1" tests="7" name="Default test" time="6.061" errors="0" timestamp="2024-03-25T11:00:11 IST">
  <testcase classname="io.cucumber.testng.AbstractTestNGCucumberTests" name="runScenario" time="2.238"/>
  <testcase classname="io.cucumber.testng.AbstractTestNGCucumberTests" name="runScenario" time="0.582"/>
  <testcase classname="io.cucumber.testng.AbstractTestNGCucumberTests" name="runScenario" time="0.394"/>
  <testcase classname="io.cucumber.testng.AbstractTestNGCucumberTests" name="runScenario" time="0.373"/>
  <testcase classname="io.cucumber.testng.AbstractTestNGCucumberTests" name="runScenario" time="0.58"/>
  <testcase classname="io.cucumber.testng.AbstractTestNGCucumberTests" name="runScenario" time="0.504"/>
  <testcase classname="io.cucumber.testng.AbstractTestNGCucumberTests" name="runScenario" time="0.618">
    <failure type="java.lang.AssertionError" message="Get Response:  
Expected: category
     but none found
 ; 
Expected: description
     but none found
 ; 
Expected: image
     but none found
 ; 
Expected: price
     but none found
 ; 
Expected: title
     but none found
">
      <![CDATA[java.lang.AssertionError: Get Response:  
Expected: category
     but none found
 ; 
Expected: description
     but none found
 ; 
Expected: image
     but none found
 ; 
Expected: price
     but none found
 ; 
Expected: title
     but none found

at org.skyscreamer.jsonassert.JSONAssert.assertEquals(JSONAssert.java:668)
at gluecode.ProductsStep_Def.verify_the_response_body_contains_expected_add_new_user_json_object(ProductsStep_Def.java:128)
at âœ½.verify the response body contains expected add new user json object "src\test\resources\TestDataFiles\newproduct.json"(file:///C:/Users/kalyan%20chakravarthi/Desktop/kalyan/eclipse-workspace2%20(2)/StoreApi/src/test/resources/FeaturesFiles/Products.feature:56)
]]>
    </failure>
  </testcase> <!-- runScenario -->
</testsuite> <!-- Default test -->
